<?xml version="1.0" encoding="UTF-8"?>
<!-- Generated by org.testng.reporters.JUnitReportReporter -->
<testsuite hostname="DESKTOP-ICGBU50" failures="0" tests="2" name="exceldataprovider.ExcelDataProviderDemo" time="62.936" errors="0" timestamp="2024-02-02T20:36:15 PST" skipped="0">
  <testcase classname="exceldataprovider.ExcelDataProviderDemo" name="loginTest" time="26.711"/>
  <system-out/>
  <testcase classname="exceldataprovider.ExcelDataProviderDemo" name="loginTest" time="36.225"/>
  <system-out/>
</testsuite> <!-- exceldataprovider.ExcelDataProviderDemo -->
